[2024-10-06 11:31:33] Login attempt for email: arqamm94@gmail.com 
[2024-10-06 11:31:34] Invalid password for email: arqamm94@gmail.com 
[2024-10-06 11:31:43] Login attempt for email: arqamm94@gmail.com
[2024-10-06 11:31:43] Invalid password for email: arqamm94@gmail.com
[2024-10-06 11:32:00] Login attempt for email: admin@gmail.com
[2024-10-06 11:32:00] Login successful for email: admin@gmail.com
[2024-10-06 11:32:33] Login attempt for email: arqamm94@gmail.com 
[2024-10-06 11:32:33] Invalid password for email: arqamm94@gmail.com 
[2024-10-06 11:33:07] Login attempt for email: arshaqwajid@gmail.com
[2024-10-06 11:33:07] Login successful for email: arshaqwajid@gmail.com
[2024-10-06 11:34:20] Login attempt for email: arshaqwajid@gmail.com
[2024-10-06 11:34:20] Login successful for email: arshaqwajid@gmail.com
[2024-10-06 11:43:32] Login attempt for email: arshaqwajid@gmail.com
[2024-10-06 11:43:32] Login successful for email: arshaqwajid@gmail.com
[2024-10-06 11:43:35] Login attempt for email: arshaqwajid@gmail.com
[2024-10-06 11:43:36] Login successful for email: arshaqwajid@gmail.com
[2024-10-06 11:46:50] Login attempt for email: arshaqwajid@gmail.com
[2024-10-06 11:46:50] Login successful for email: arshaqwajid@gmail.com
[2024-10-06 11:55:35] Login attempt for email: arshaqwajid@gmail.com 
[2024-10-06 11:55:35] Invalid password for email: arshaqwajid@gmail.com 
[2024-10-06 11:55:38] Login attempt for email: arshaqwajid@gmail.com 
[2024-10-06 11:55:38] Login successful for email: arshaqwajid@gmail.com 
[2024-10-06 15:16:58] Login attempt for email: arham@gmail.com 
[2024-10-06 15:16:58] Login successful for email: arham@gmail.com 
[2024-10-06 15:23:31] Login attempt for email: arqamm904@gmail.com 
[2024-10-06 15:23:31] Invalid password for email: arqamm904@gmail.com 
[2024-10-06 15:23:34] Login attempt for email: arqamm904@gmail.com 
[2024-10-06 15:23:34] Login successful for email: arqamm904@gmail.com 
[2024-10-06 15:32:48] Login attempt for email: admin@gmail.com 
[2024-10-06 15:32:48] Login successful for email: admin@gmail.com 
[2024-10-06 15:32:58] Login attempt for email: admin@gmail.com 
[2024-10-06 15:32:58] Login successful for email: admin@gmail.com 
[2024-10-06 17:25:41] Login attempt for email: admin@gmail.com
[2024-10-06 17:25:41] Login successful for email: admin@gmail.com
[2024-10-06 17:57:46] Login attempt for email: admin@gmail.com
[2024-10-06 17:57:47] Login successful for email: admin@gmail.com
[2024-10-14 16:37:18] Login attempt for email: arshaqwajid@gmail.com
[2024-10-14 16:37:18] Invalid password for email: arshaqwajid@gmail.com
[2024-10-14 16:37:23] Login attempt for email: arshaqwajid@gmail.com
[2024-10-14 16:37:23] Invalid password for email: arshaqwajid@gmail.com
[2024-10-14 16:37:30] Login attempt for email: arshaqwajid@gmail.com
[2024-10-14 16:37:30] Login successful for email: arshaqwajid@gmail.com
[2024-10-14 17:25:23] Login attempt for email: arshaqwajid@gmail.com
[2024-10-14 17:25:23] Login successful for email: arshaqwajid@gmail.com
[2024-10-14 17:25:33] Login attempt for email: arshaqwajid@gmail.com
[2024-10-14 17:25:33] Login successful for email: arshaqwajid@gmail.com
[2024-10-14 17:25:53] Login attempt for email: arshaqwajid@gmail.com
[2024-10-14 17:25:53] Login successful for email: arshaqwajid@gmail.com
[2024-10-14 17:26:04] Login attempt for email: arshaqwajid@gmail.com
[2024-10-14 17:26:05] Login successful for email: arshaqwajid@gmail.com
[2024-10-14 17:29:05] Login attempt for email: arshaqwajid@gmail.com
[2024-10-14 17:29:05] Login successful for email: arshaqwajid@gmail.com
[2024-10-14 17:58:38] Login attempt for email: arshaqwajid@gmail.com
[2024-10-14 17:58:38] Login successful for email: arshaqwajid@gmail.com
[2024-10-14 18:26:48] Login attempt for email: arshaqwajid@gmail.com 
[2024-10-14 18:26:48] Login successful for email: arshaqwajid@gmail.com 
[2024-10-14 18:33:05] Login attempt for email: arshaqwajid@gmail.com 
[2024-10-14 18:33:05] Login successful for email: arshaqwajid@gmail.com 
[2024-10-14 18:47:56] Login attempt for email: arshaqwajid@gmail.com 
[2024-10-14 18:47:56] Login successful for email: arshaqwajid@gmail.com 
[2024-10-14 18:51:05] Login attempt for email: arshaqwajid@gmail.com 
[2024-10-14 18:51:06] Login successful for email: arshaqwajid@gmail.com 
[2024-10-14 19:00:34] Login attempt for email: arshaqwajid@gmail.com 
[2024-10-14 19:00:34] Login successful for email: arshaqwajid@gmail.com 
[2024-10-14 19:42:16] Login attempt for email: admin@gmail.com 
[2024-10-14 19:42:16] Invalid password for email: admin@gmail.com 
[2024-10-14 19:42:20] Login attempt for email: admin@gmail.com 
[2024-10-14 19:42:20] Login successful for email: admin@gmail.com 
[2024-10-14 20:01:25] Login attempt for email: admin@gmail.com 
[2024-10-14 20:01:25] Login successful for email: admin@gmail.com 
[2024-10-16 17:51:20] Login attempt for email: arshaqwajid@gmail.com
[2024-10-16 17:51:21] Login successful for email: arshaqwajid@gmail.com
[2024-10-16 17:53:17] Login attempt for email: admin@gmail.com
[2024-10-16 17:53:17] Invalid password for email: admin@gmail.com
[2024-10-16 17:53:20] Login attempt for email: admin@gmail.com
[2024-10-16 17:53:20] Login successful for email: admin@gmail.com
[2024-10-16 17:54:07] Login attempt for email: arshaqwajid@gmail.com
[2024-10-16 17:54:07] Login successful for email: arshaqwajid@gmail.com
[2024-10-16 18:07:59] Login attempt for email: arshaqwajid@gmail.com
[2024-10-16 18:07:59] Login successful for email: arshaqwajid@gmail.com
[2024-10-16 18:17:32] Login attempt for email: arshaqwajid@gmail.com
[2024-10-16 18:17:32] Login successful for email: arshaqwajid@gmail.com
[2024-10-16 18:38:41] Login attempt for email: arshaqwajid@gmail.com
[2024-10-16 18:38:41] Login successful for email: arshaqwajid@gmail.com
[2024-10-16 19:23:08] Login attempt for email: admin@gmail.com
[2024-10-16 19:23:08] Login successful for email: admin@gmail.com
[2024-10-16 20:21:19] Login attempt for email: arshaqwajid@gmail.com
[2024-10-16 20:21:19] Login successful for email: arshaqwajid@gmail.com
[2024-10-16 20:21:43] Login attempt for email: arshaqwajid@gmail.com
[2024-10-16 20:21:43] Login successful for email: arshaqwajid@gmail.com
[2024-10-17 19:21:04] Login attempt for email: arshaqwajid@gmail.com
[2024-10-17 19:21:04] Login successful for email: arshaqwajid@gmail.com
[2024-10-18 05:14:21] Login attempt for email: admin@gmail.com
[2024-10-18 05:14:21] Login successful for email: admin@gmail.com
[2024-10-18 05:26:43] Login attempt for email: admin@gmail.com
[2024-10-18 05:26:43] Login successful for email: admin@gmail.com
[2024-10-18 06:01:20] Login attempt for email: admin@gmail.com
[2024-10-18 06:01:20] Login successful for email: admin@gmail.com
[2024-10-18 06:37:39] Login attempt for email: arshaqwajid@gmail.com
[2024-10-18 06:37:39] Login successful for email: arshaqwajid@gmail.com
[2024-10-18 06:39:25] Login attempt for email: admin@gmail.com
[2024-10-18 06:39:25] Invalid password for email: admin@gmail.com
[2024-10-18 06:39:31] Login attempt for email: admin@gmail.com
[2024-10-18 06:39:31] Login successful for email: admin@gmail.com
